<?xml version="1.0" encoding="UTF-8"?>
<coverage generated="1750091036065" clover="3.2.0">
  <project timestamp="1750091036065" name="All files">
    <metrics statements="104" coveredstatements="103" conditionals="25" coveredconditionals="24" methods="18" coveredmethods="18" elements="147" coveredelements="145" complexity="0" loc="104" ncloc="104" packages="4" files="4" classes="4"/>
    <package name="controllers">
      <metrics statements="64" coveredstatements="64" conditionals="5" coveredconditionals="5" methods="8" coveredmethods="8"/>
      <file name="ui.controller.ts" path="/home/developer/IdeaProjects/NOVA/api/src/controllers/ui.controller.ts">
        <metrics statements="64" coveredstatements="64" conditionals="5" coveredconditionals="5" methods="8" coveredmethods="8"/>
        <line num="5" count="1" type="stmt"/>
        <line num="6" count="1" type="stmt"/>
        <line num="14" count="1" type="stmt"/>
        <line num="46" count="2" type="stmt"/>
        <line num="48" count="2" type="cond" truecount="1" falsecount="0"/>
        <line num="49" count="1" type="stmt"/>
        <line num="50" count="1" type="stmt"/>
        <line num="53" count="1" type="stmt"/>
        <line num="57" count="1" type="stmt"/>
        <line num="62" count="1" type="stmt"/>
        <line num="93" count="2" type="stmt"/>
        <line num="95" count="2" type="stmt"/>
        <line num="97" count="2" type="stmt"/>
        <line num="99" count="2" type="stmt"/>
        <line num="104" count="1" type="stmt"/>
        <line num="106" count="1" type="stmt"/>
        <line num="107" count="1" type="stmt"/>
        <line num="167" count="2" type="stmt"/>
        <line num="169" count="2" type="stmt"/>
        <line num="171" count="2" type="stmt"/>
        <line num="173" count="1" type="stmt"/>
        <line num="175" count="1" type="stmt"/>
        <line num="176" count="1" type="stmt"/>
        <line num="215" count="3" type="stmt"/>
        <line num="217" count="3" type="stmt"/>
        <line num="219" count="3" type="stmt"/>
        <line num="221" count="3" type="stmt"/>
        <line num="224" count="2" type="cond" truecount="1" falsecount="0"/>
        <line num="225" count="1" type="stmt"/>
        <line num="226" count="1" type="stmt"/>
        <line num="229" count="1" type="stmt"/>
        <line num="231" count="1" type="stmt"/>
        <line num="232" count="1" type="stmt"/>
        <line num="272" count="3" type="stmt"/>
        <line num="274" count="3" type="stmt"/>
        <line num="276" count="3" type="stmt"/>
        <line num="277" count="3" type="stmt"/>
        <line num="280" count="3" type="cond" truecount="1" falsecount="0"/>
        <line num="281" count="1" type="stmt"/>
        <line num="282" count="1" type="stmt"/>
        <line num="287" count="2" type="stmt"/>
        <line num="290" count="1" type="stmt"/>
        <line num="292" count="1" type="stmt"/>
        <line num="293" count="1" type="stmt"/>
        <line num="324" count="3" type="stmt"/>
        <line num="326" count="3" type="stmt"/>
        <line num="327" count="3" type="stmt"/>
        <line num="330" count="3" type="cond" truecount="1" falsecount="0"/>
        <line num="331" count="1" type="stmt"/>
        <line num="332" count="1" type="stmt"/>
        <line num="337" count="1" type="stmt"/>
        <line num="342" count="1" type="stmt"/>
        <line num="344" count="1" type="stmt"/>
        <line num="345" count="1" type="stmt"/>
        <line num="376" count="3" type="stmt"/>
        <line num="378" count="3" type="stmt"/>
        <line num="380" count="3" type="cond" truecount="1" falsecount="0"/>
        <line num="381" count="1" type="stmt"/>
        <line num="382" count="1" type="stmt"/>
        <line num="386" count="2" type="stmt"/>
        <line num="388" count="1" type="stmt"/>
        <line num="390" count="1" type="stmt"/>
        <line num="391" count="1" type="stmt"/>
        <line num="397" count="1" type="stmt"/>
      </file>
    </package>
    <package name="middleware">
      <metrics statements="4" coveredstatements="4" conditionals="2" coveredconditionals="2" methods="1" coveredmethods="1"/>
      <file name="error.middleware.ts" path="/home/developer/IdeaProjects/NOVA/api/src/middleware/error.middleware.ts">
        <metrics statements="4" coveredstatements="4" conditionals="2" coveredconditionals="2" methods="1" coveredmethods="1"/>
        <line num="8" count="1" type="stmt"/>
        <line num="15" count="5" type="stmt"/>
        <line num="16" count="5" type="stmt"/>
        <line num="19" count="5" type="stmt"/>
      </file>
    </package>
    <package name="models">
      <metrics statements="15" coveredstatements="14" conditionals="17" coveredconditionals="16" methods="2" coveredmethods="2"/>
      <file name="geojson.model.ts" path="/home/developer/IdeaProjects/NOVA/api/src/models/geojson.model.ts">
        <metrics statements="15" coveredstatements="14" conditionals="17" coveredconditionals="16" methods="2" coveredmethods="2"/>
        <line num="94" count="2" type="stmt"/>
        <line num="96" count="27" type="cond" truecount="1" falsecount="0"/>
        <line num="97" count="2" type="stmt"/>
        <line num="101" count="25" type="cond" truecount="3" falsecount="0"/>
        <line num="102" count="8" type="stmt"/>
        <line num="106" count="17" type="stmt"/>
        <line num="113" count="17" type="cond" truecount="1" falsecount="0"/>
        <line num="114" count="2" type="stmt"/>
        <line num="118" count="15" type="cond" truecount="9" falsecount="1"/>
        <line num="121" count="4" type="cond" truecount="2" falsecount="0"/>
        <line num="125" count="6" type="stmt"/>
        <line num="130" count="2" type="stmt"/>
        <line num="141" count="3" type="stmt"/>
        <line num="144" count="0" type="stmt"/>
        <line num="154" count="2" type="stmt"/>
      </file>
    </package>
    <package name="utils">
      <metrics statements="21" coveredstatements="21" conditionals="1" coveredconditionals="1" methods="7" coveredmethods="7"/>
      <file name="data-provider.utils.ts" path="/home/developer/IdeaProjects/NOVA/api/src/utils/data-provider.utils.ts">
        <metrics statements="21" coveredstatements="21" conditionals="1" coveredconditionals="1" methods="7" coveredmethods="7"/>
        <line num="1" count="2" type="stmt"/>
        <line num="2" count="2" type="stmt"/>
        <line num="11" count="2" type="stmt"/>
        <line num="21" count="2" type="stmt"/>
        <line num="22" count="2" type="stmt"/>
        <line num="23" count="2" type="stmt"/>
        <line num="24" count="2" type="stmt"/>
        <line num="32" count="2" type="stmt"/>
        <line num="33" count="2" type="stmt"/>
        <line num="36" count="2" type="stmt"/>
        <line num="37" count="2" type="stmt"/>
        <line num="38" count="4" type="cond" truecount="1" falsecount="0"/>
        <line num="39" count="2" type="stmt"/>
        <line num="44" count="2" type="stmt"/>
        <line num="52" count="1" type="stmt"/>
        <line num="53" count="1" type="stmt"/>
        <line num="61" count="1" type="stmt"/>
        <line num="62" count="1" type="stmt"/>
        <line num="70" count="1" type="stmt"/>
        <line num="71" count="1" type="stmt"/>
        <line num="75" count="2" type="stmt"/>
      </file>
    </package>
  </project>
</coverage>
