{"/home/developer/IdeaProjects/NOVA/api/src/controllers/ui.controller.ts": {"path":"/home/developer/IdeaProjects/NOVA/api/src/controllers/ui.controller.ts","statementMap":{"0":{"start":{"line":5,"column":0},"end":{"line":5,"column":69}},"1":{"start":{"line":6,"column":0},"end":{"line":6,"column":65}},"2":{"start":{"line":46,"column":21},"end":{"line":46,"column":49}},"3":{"start":{"line":48,"column":4},"end":{"line":51,"column":5}},"4":{"start":{"line":49,"column":6},"end":{"line":49,"column":70}},"5":{"start":{"line":50,"column":6},"end":{"line":50,"column":13}},"6":{"start":{"line":53,"column":4},"end":{"line":53,"column":64}},"7":{"start":{"line":57,"column":34},"end":{"line":60,"column":6}},"8":{"start":{"line":62,"column":4},"end":{"line":62,"column":35}},"9":{"start":{"line":93,"column":22},"end":{"line":93,"column":42}},"10":{"start":{"line":95,"column":4},"end":{"line":95,"column":67}},"11":{"start":{"line":97,"column":4},"end":{"line":108,"column":5}},"12":{"start":{"line":99,"column":25},"end":{"line":99,"column":59}},"13":{"start":{"line":104,"column":6},"end":{"line":104,"column":39}},"14":{"start":{"line":106,"column":6},"end":{"line":106,"column":62}},"15":{"start":{"line":107,"column":6},"end":{"line":107,"column":72}},"16":{"start":{"line":167,"column":4},"end":{"line":167,"column":38}},"17":{"start":{"line":169,"column":4},"end":{"line":177,"column":5}},"18":{"start":{"line":171,"column":25},"end":{"line":171,"column":59}},"19":{"start":{"line":173,"column":6},"end":{"line":173,"column":39}},"20":{"start":{"line":175,"column":6},"end":{"line":175,"column":62}},"21":{"start":{"line":176,"column":6},"end":{"line":176,"column":72}},"22":{"start":{"line":215,"column":20},"end":{"line":215,"column":38}},"23":{"start":{"line":217,"column":4},"end":{"line":217,"column":65}},"24":{"start":{"line":219,"column":4},"end":{"line":233,"column":5}},"25":{"start":{"line":221,"column":26},"end":{"line":221,"column":67}},"26":{"start":{"line":224,"column":6},"end":{"line":227,"column":7}},"27":{"start":{"line":225,"column":8},"end":{"line":225,"column":64}},"28":{"start":{"line":226,"column":8},"end":{"line":226,"column":15}},"29":{"start":{"line":229,"column":6},"end":{"line":229,"column":40}},"30":{"start":{"line":231,"column":6},"end":{"line":231,"column":63}},"31":{"start":{"line":232,"column":6},"end":{"line":232,"column":72}},"32":{"start":{"line":272,"column":22},"end":{"line":272,"column":42}},"33":{"start":{"line":274,"column":4},"end":{"line":274,"column":69}},"34":{"start":{"line":276,"column":4},"end":{"line":294,"column":5}},"35":{"start":{"line":277,"column":30},"end":{"line":277,"column":60}},"36":{"start":{"line":280,"column":6},"end":{"line":283,"column":7}},"37":{"start":{"line":281,"column":8},"end":{"line":281,"column":64}},"38":{"start":{"line":282,"column":8},"end":{"line":282,"column":15}},"39":{"start":{"line":287,"column":26},"end":{"line":287,"column":67}},"40":{"start":{"line":290,"column":6},"end":{"line":290,"column":42}},"41":{"start":{"line":292,"column":6},"end":{"line":292,"column":63}},"42":{"start":{"line":293,"column":6},"end":{"line":293,"column":73}},"43":{"start":{"line":324,"column":4},"end":{"line":324,"column":62}},"44":{"start":{"line":326,"column":4},"end":{"line":346,"column":5}},"45":{"start":{"line":327,"column":30},"end":{"line":327,"column":60}},"46":{"start":{"line":330,"column":6},"end":{"line":333,"column":7}},"47":{"start":{"line":331,"column":8},"end":{"line":331,"column":64}},"48":{"start":{"line":332,"column":8},"end":{"line":332,"column":15}},"49":{"start":{"line":337,"column":58},"end":{"line":340,"column":8}},"50":{"start":{"line":342,"column":6},"end":{"line":342,"column":48}},"51":{"start":{"line":344,"column":6},"end":{"line":344,"column":67}},"52":{"start":{"line":345,"column":6},"end":{"line":345,"column":77}},"53":{"start":{"line":376,"column":4},"end":{"line":376,"column":55}},"54":{"start":{"line":378,"column":4},"end":{"line":392,"column":5}},"55":{"start":{"line":380,"column":6},"end":{"line":383,"column":7}},"56":{"start":{"line":381,"column":8},"end":{"line":381,"column":64}},"57":{"start":{"line":382,"column":8},"end":{"line":382,"column":15}},"58":{"start":{"line":386,"column":26},"end":{"line":386,"column":65}},"59":{"start":{"line":388,"column":6},"end":{"line":388,"column":40}},"60":{"start":{"line":390,"column":6},"end":{"line":390,"column":62}},"61":{"start":{"line":391,"column":6},"end":{"line":391,"column":72}},"62":{"start":{"line":14,"column":0},"end":{"line":14,"column":13}},"63":{"start":{"line":397,"column":13},"end":{"line":397,"column":47}}},"fnMap":{"0":{"name":"(anonymous_0)","decl":{"start":{"line":18,"column":2},"end":{"line":18,"column":17}},"loc":{"start":{"line":18,"column":2},"end":{"line":18,"column":18}}},"1":{"name":"(anonymous_1)","decl":{"start":{"line":45,"column":9},"end":{"line":45,"column":23}},"loc":{"start":{"line":45,"column":51},"end":{"line":63,"column":3}}},"2":{"name":"(anonymous_2)","decl":{"start":{"line":92,"column":9},"end":{"line":92,"column":18}},"loc":{"start":{"line":92,"column":46},"end":{"line":109,"column":3}}},"3":{"name":"(anonymous_3)","decl":{"start":{"line":166,"column":9},"end":{"line":166,"column":18}},"loc":{"start":{"line":166,"column":46},"end":{"line":178,"column":3}}},"4":{"name":"(anonymous_4)","decl":{"start":{"line":214,"column":9},"end":{"line":214,"column":28}},"loc":{"start":{"line":214,"column":56},"end":{"line":234,"column":3}}},"5":{"name":"(anonymous_5)","decl":{"start":{"line":271,"column":9},"end":{"line":271,"column":24}},"loc":{"start":{"line":271,"column":52},"end":{"line":295,"column":3}}},"6":{"name":"(anonymous_6)","decl":{"start":{"line":323,"column":9},"end":{"line":323,"column":21}},"loc":{"start":{"line":323,"column":49},"end":{"line":347,"column":3}}},"7":{"name":"(anonymous_7)","decl":{"start":{"line":375,"column":9},"end":{"line":375,"column":23}},"loc":{"start":{"line":375,"column":51},"end":{"line":393,"column":3}}}},"branchMap":{"0":{"loc":{"start":{"line":48,"column":4},"end":{"line":51,"column":5}},"type":"if","locations":[{"start":{"line":48,"column":4},"end":{"line":51,"column":5}}]},"1":{"loc":{"start":{"line":224,"column":6},"end":{"line":227,"column":7}},"type":"if","locations":[{"start":{"line":224,"column":6},"end":{"line":227,"column":7}}]},"2":{"loc":{"start":{"line":280,"column":6},"end":{"line":283,"column":7}},"type":"if","locations":[{"start":{"line":280,"column":6},"end":{"line":283,"column":7}}]},"3":{"loc":{"start":{"line":330,"column":6},"end":{"line":333,"column":7}},"type":"if","locations":[{"start":{"line":330,"column":6},"end":{"line":333,"column":7}}]},"4":{"loc":{"start":{"line":380,"column":6},"end":{"line":383,"column":7}},"type":"if","locations":[{"start":{"line":380,"column":6},"end":{"line":383,"column":7}}]}},"s":{"0":1,"1":1,"2":2,"3":2,"4":1,"5":1,"6":1,"7":1,"8":1,"9":2,"10":2,"11":2,"12":2,"13":1,"14":1,"15":1,"16":2,"17":2,"18":2,"19":1,"20":1,"21":1,"22":3,"23":3,"24":3,"25":3,"26":2,"27":1,"28":1,"29":1,"30":1,"31":1,"32":3,"33":3,"34":3,"35":3,"36":3,"37":1,"38":1,"39":2,"40":1,"41":1,"42":1,"43":3,"44":3,"45":3,"46":3,"47":1,"48":1,"49":1,"50":1,"51":1,"52":1,"53":3,"54":3,"55":3,"56":1,"57":1,"58":2,"59":1,"60":1,"61":1,"62":1,"63":1},"f":{"0":20,"1":2,"2":2,"3":2,"4":3,"5":3,"6":3,"7":3},"b":{"0":[1],"1":[1],"2":[1],"3":[1],"4":[1]}}
,"/home/developer/IdeaProjects/NOVA/api/src/middleware/error.middleware.ts": {"path":"/home/developer/IdeaProjects/NOVA/api/src/middleware/error.middleware.ts","statementMap":{"0":{"start":{"line":8,"column":31},"end":{"line":22,"column":1}},"1":{"start":{"line":15,"column":2},"end":{"line":15,"column":42}},"2":{"start":{"line":16,"column":2},"end":{"line":16,"column":45}},"3":{"start":{"line":19,"column":2},"end":{"line":21,"column":5}},"4":{"start":{"line":8,"column":13},"end":{"line":8,"column":31}}},"fnMap":{"0":{"name":"(anonymous_0)","decl":{"start":{"line":8,"column":31},"end":{"line":8,"column":null}},"loc":{"start":{"line":13,"column":10},"end":{"line":22,"column":1}}}},"branchMap":{"0":{"loc":{"start":{"line":20,"column":11},"end":{"line":20,"column":58}},"type":"binary-expr","locations":[{"start":{"line":20,"column":11},"end":{"line":20,"column":24}},{"start":{"line":20,"column":28},"end":{"line":20,"column":58}}]}},"s":{"0":1,"1":5,"2":5,"3":5,"4":1},"f":{"0":5},"b":{"0":[5,1]}}
,"/home/developer/IdeaProjects/NOVA/api/src/models/geojson.model.ts": {"path":"/home/developer/IdeaProjects/NOVA/api/src/models/geojson.model.ts","statementMap":{"0":{"start":{"line":94,"column":0},"end":{"line":94,"column":16}},"1":{"start":{"line":96,"column":2},"end":{"line":98,"column":3}},"2":{"start":{"line":97,"column":4},"end":{"line":97,"column":31}},"3":{"start":{"line":101,"column":2},"end":{"line":103,"column":3}},"4":{"start":{"line":102,"column":4},"end":{"line":102,"column":17}},"5":{"start":{"line":106,"column":21},"end":{"line":110,"column":4}},"6":{"start":{"line":113,"column":2},"end":{"line":115,"column":3}},"7":{"start":{"line":114,"column":4},"end":{"line":114,"column":17}},"8":{"start":{"line":118,"column":2},"end":{"line":145,"column":3}},"9":{"start":{"line":121,"column":6},"end":{"line":121,"column":78}},"10":{"start":{"line":125,"column":6},"end":{"line":125,"column":42}},"11":{"start":{"line":130,"column":6},"end":{"line":130,"column":44}},"12":{"start":{"line":141,"column":6},"end":{"line":141,"column":44}},"13":{"start":{"line":144,"column":6},"end":{"line":144,"column":33}},"14":{"start":{"line":154,"column":2},"end":{"line":154,"column":15}}},"fnMap":{"0":{"name":"isValidGeoJSON","decl":{"start":{"line":94,"column":16},"end":{"line":94,"column":30}},"loc":{"start":{"line":94,"column":59},"end":{"line":146,"column":1}}},"1":{"name":"handleDefaultCase","decl":{"start":{"line":153,"column":9},"end":{"line":153,"column":26}},"loc":{"start":{"line":153,"column":26},"end":{"line":155,"column":1}}}},"branchMap":{"0":{"loc":{"start":{"line":96,"column":2},"end":{"line":98,"column":3}},"type":"if","locations":[{"start":{"line":96,"column":2},"end":{"line":98,"column":3}}]},"1":{"loc":{"start":{"line":101,"column":2},"end":{"line":103,"column":3}},"type":"if","locations":[{"start":{"line":101,"column":2},"end":{"line":103,"column":3}}]},"2":{"loc":{"start":{"line":101,"column":6},"end":{"line":101,"column":25}},"type":"binary-expr","locations":[{"start":{"line":101,"column":6},"end":{"line":101,"column":11}},{"start":{"line":101,"column":15},"end":{"line":101,"column":25}}]},"3":{"loc":{"start":{"line":113,"column":2},"end":{"line":115,"column":3}},"type":"if","locations":[{"start":{"line":113,"column":2},"end":{"line":115,"column":3}}]},"4":{"loc":{"start":{"line":118,"column":2},"end":{"line":145,"column":3}},"type":"switch","locations":[{"start":{"line":119,"column":4},"end":{"line":121,"column":78}},{"start":{"line":123,"column":4},"end":{"line":125,"column":42}},{"start":{"line":127,"column":4},"end":{"line":130,"column":44}},{"start":{"line":133,"column":4},"end":{"line":133,"column":17}},{"start":{"line":134,"column":4},"end":{"line":134,"column":22}},{"start":{"line":135,"column":4},"end":{"line":135,"column":22}},{"start":{"line":136,"column":4},"end":{"line":136,"column":27}},{"start":{"line":137,"column":4},"end":{"line":137,"column":19}},{"start":{"line":138,"column":4},"end":{"line":141,"column":44}},{"start":{"line":143,"column":4},"end":{"line":144,"column":33}}]},"5":{"loc":{"start":{"line":121,"column":13},"end":{"line":121,"column":77}},"type":"binary-expr","locations":[{"start":{"line":121,"column":13},"end":{"line":121,"column":40}},{"start":{"line":121,"column":44},"end":{"line":121,"column":77}}]}},"s":{"0":2,"1":27,"2":2,"3":25,"4":8,"5":17,"6":17,"7":2,"8":15,"9":4,"10":6,"11":2,"12":3,"13":0,"14":2},"f":{"0":27,"1":2},"b":{"0":[2],"1":[8],"2":[25,23],"3":[2],"4":[4,6,2,1,1,2,2,3,3,0],"5":[4,3]}}
,"/home/developer/IdeaProjects/NOVA/api/src/utils/data-provider.utils.ts": {"path":"/home/developer/IdeaProjects/NOVA/api/src/utils/data-provider.utils.ts","statementMap":{"0":{"start":{"line":1,"column":0},"end":{"line":1,"column":25}},"1":{"start":{"line":2,"column":0},"end":{"line":2,"column":29}},"2":{"start":{"line":21,"column":4},"end":{"line":21,"column":74}},"3":{"start":{"line":22,"column":4},"end":{"line":22,"column":74}},"4":{"start":{"line":23,"column":4},"end":{"line":23,"column":84}},"5":{"start":{"line":24,"column":4},"end":{"line":24,"column":84}},"6":{"start":{"line":32,"column":24},"end":{"line":32,"column":72}},"7":{"start":{"line":33,"column":23},"end":{"line":33,"column":59}},"8":{"start":{"line":36,"column":4},"end":{"line":42,"column":7}},"9":{"start":{"line":37,"column":6},"end":{"line":41,"column":9}},"10":{"start":{"line":38,"column":8},"end":{"line":40,"column":9}},"11":{"start":{"line":39,"column":10},"end":{"line":39,"column":30}},"12":{"start":{"line":44,"column":4},"end":{"line":44,"column":22}},"13":{"start":{"line":52,"column":24},"end":{"line":52,"column":72}},"14":{"start":{"line":53,"column":4},"end":{"line":53,"column":48}},"15":{"start":{"line":61,"column":24},"end":{"line":61,"column":75}},"16":{"start":{"line":62,"column":4},"end":{"line":62,"column":49}},"17":{"start":{"line":70,"column":24},"end":{"line":70,"column":77}},"18":{"start":{"line":71,"column":4},"end":{"line":71,"column":51}},"19":{"start":{"line":11,"column":0},"end":{"line":11,"column":13}},"20":{"start":{"line":75,"column":13},"end":{"line":75,"column":57}}},"fnMap":{"0":{"name":"(anonymous_9)","decl":{"start":{"line":20,"column":2},"end":{"line":20,"column":null}},"loc":{"start":{"line":20,"column":2},"end":{"line":25,"column":3}}},"1":{"name":"(anonymous_10)","decl":{"start":{"line":31,"column":9},"end":{"line":31,"column":23}},"loc":{"start":{"line":31,"column":23},"end":{"line":45,"column":3}}},"2":{"name":"(anonymous_11)","decl":{"start":{"line":36,"column":34},"end":{"line":36,"column":42}},"loc":{"start":{"line":36,"column":45},"end":{"line":42,"column":5}}},"3":{"name":"(anonymous_12)","decl":{"start":{"line":37,"column":29},"end":{"line":37,"column":33}},"loc":{"start":{"line":37,"column":36},"end":{"line":41,"column":7}}},"4":{"name":"(anonymous_13)","decl":{"start":{"line":51,"column":9},"end":{"line":51,"column":23}},"loc":{"start":{"line":51,"column":23},"end":{"line":54,"column":3}}},"5":{"name":"(anonymous_14)","decl":{"start":{"line":60,"column":9},"end":{"line":60,"column":30}},"loc":{"start":{"line":60,"column":30},"end":{"line":63,"column":3}}},"6":{"name":"(anonymous_15)","decl":{"start":{"line":69,"column":9},"end":{"line":69,"column":28}},"loc":{"start":{"line":69,"column":28},"end":{"line":72,"column":3}}}},"branchMap":{"0":{"loc":{"start":{"line":38,"column":8},"end":{"line":40,"column":9}},"type":"if","locations":[{"start":{"line":38,"column":8},"end":{"line":40,"column":9}}]}},"s":{"0":2,"1":2,"2":2,"3":2,"4":2,"5":2,"6":2,"7":2,"8":2,"9":2,"10":4,"11":2,"12":2,"13":1,"14":1,"15":1,"16":1,"17":1,"18":1,"19":2,"20":2},"f":{"0":2,"1":2,"2":2,"3":4,"4":1,"5":1,"6":1},"b":{"0":[2]}}
}
