TN:
SF:src/controllers/ui.controller.ts
FN:18,(anonymous_0)
FN:45,(anonymous_1)
FN:92,(anonymous_2)
FN:166,(anonymous_3)
FN:214,(anonymous_4)
FN:271,(anonymous_5)
FN:323,(anonymous_6)
FN:375,(anonymous_7)
FNF:8
FNH:8
FNDA:20,(anonymous_0)
FNDA:2,(anonymous_1)
FNDA:2,(anonymous_2)
FNDA:2,(anonymous_3)
FNDA:3,(anonymous_4)
FNDA:3,(anonymous_5)
FNDA:3,(anonymous_6)
FNDA:3,(anonymous_7)
DA:5,1
DA:6,1
DA:14,1
DA:46,2
DA:48,2
DA:49,1
DA:50,1
DA:53,1
DA:57,1
DA:62,1
DA:93,2
DA:95,2
DA:97,2
DA:99,2
DA:104,1
DA:106,1
DA:107,1
DA:167,2
DA:169,2
DA:171,2
DA:173,1
DA:175,1
DA:176,1
DA:215,3
DA:217,3
DA:219,3
DA:221,3
DA:224,2
DA:225,1
DA:226,1
DA:229,1
DA:231,1
DA:232,1
DA:272,3
DA:274,3
DA:276,3
DA:277,3
DA:280,3
DA:281,1
DA:282,1
DA:287,2
DA:290,1
DA:292,1
DA:293,1
DA:324,3
DA:326,3
DA:327,3
DA:330,3
DA:331,1
DA:332,1
DA:337,1
DA:342,1
DA:344,1
DA:345,1
DA:376,3
DA:378,3
DA:380,3
DA:381,1
DA:382,1
DA:386,2
DA:388,1
DA:390,1
DA:391,1
DA:397,1
LF:64
LH:64
BRDA:48,0,0,1
BRDA:224,1,0,1
BRDA:280,2,0,1
BRDA:330,3,0,1
BRDA:380,4,0,1
BRF:5
BRH:5
end_of_record
TN:
SF:src/middleware/error.middleware.ts
FN:8,(anonymous_0)
FNF:1
FNH:1
FNDA:5,(anonymous_0)
DA:8,1
DA:15,5
DA:16,5
DA:19,5
LF:4
LH:4
BRDA:20,0,0,5
BRDA:20,0,1,1
BRF:2
BRH:2
end_of_record
TN:
SF:src/models/geojson.model.ts
FN:94,isValidGeoJSON
FN:153,handleDefaultCase
FNF:2
FNH:2
FNDA:27,isValidGeoJSON
FNDA:2,handleDefaultCase
DA:94,2
DA:96,27
DA:97,2
DA:101,25
DA:102,8
DA:106,17
DA:113,17
DA:114,2
DA:118,15
DA:121,4
DA:125,6
DA:130,2
DA:141,3
DA:144,0
DA:154,2
LF:15
LH:14
BRDA:96,0,0,2
BRDA:101,1,0,8
BRDA:101,2,0,25
BRDA:101,2,1,23
BRDA:113,3,0,2
BRDA:118,4,0,4
BRDA:118,4,1,6
BRDA:118,4,2,2
BRDA:118,4,3,1
BRDA:118,4,4,1
BRDA:118,4,5,2
BRDA:118,4,6,2
BRDA:118,4,7,3
BRDA:118,4,8,3
BRDA:118,4,9,0
BRDA:121,5,0,4
BRDA:121,5,1,3
BRF:17
BRH:16
end_of_record
TN:
SF:src/utils/data-provider.utils.ts
FN:20,(anonymous_9)
FN:31,(anonymous_10)
FN:36,(anonymous_11)
FN:37,(anonymous_12)
FN:51,(anonymous_13)
FN:60,(anonymous_14)
FN:69,(anonymous_15)
FNF:7
FNH:7
FNDA:2,(anonymous_9)
FNDA:2,(anonymous_10)
FNDA:2,(anonymous_11)
FNDA:4,(anonymous_12)
FNDA:1,(anonymous_13)
FNDA:1,(anonymous_14)
FNDA:1,(anonymous_15)
DA:1,2
DA:2,2
DA:11,2
DA:21,2
DA:22,2
DA:23,2
DA:24,2
DA:32,2
DA:33,2
DA:36,2
DA:37,2
DA:38,4
DA:39,2
DA:44,2
DA:52,1
DA:53,1
DA:61,1
DA:62,1
DA:70,1
DA:71,1
DA:75,2
LF:21
LH:21
BRDA:38,0,0,2
BRF:1
BRH:1
end_of_record
